make all --print-data-base --no-builtin-variables --no-builtin-rules --question
# GNU Make 3.82
# Built for x86_64-redhat-linux-gnu
# Copyright (C) 2010  Free Software Foundation, Inc.
# License GPLv3+: GNU GPL version 3 or later <http://gnu.org/licenses/gpl.html>
# This is free software: you are free to change and redistribute it.
# There is NO WARRANTY, to the extent permitted by law.

# Make data base, printed on Sun Aug 21 23:33:21 2022

# Variables

# automatic
<D = $(patsubst %/,%,$(dir $<))
# automatic
?F = $(notdir $?)
# default
.SHELLFLAGS := -c
# environment
VSCODE_AGENT_FOLDER = /home/tiefxblau/.vscode-server
# automatic
?D = $(patsubst %/,%,$(dir $?))
# automatic
@D = $(patsubst %/,%,$(dir $@))
# automatic
@F = $(notdir $@)
# default
MAKE_VERSION := 3.82
# makefile
CURDIR := /home/tiefxblau/boost_searcher
# makefile
SHELL = /bin/sh
# environment
VSCODE_NLS_CONFIG = {"locale":"zh-cn","availableLanguages":{"*":"zh-cn"},"_languagePackId":"cc0490d1397af23dc5bf44a96fe15dbb.zh-cn","_translationsConfigFile":"/home/tiefxblau/.vscode-server/data/clp/cc0490d1397af23dc5bf44a96fe15dbb.zh-cn/tcf.json","_cacheRoot":"/home/tiefxblau/.vscode-server/data/clp/cc0490d1397af23dc5bf44a96fe15dbb.zh-cn","_resolvedLanguagePackCoreLocation":"/home/tiefxblau/.vscode-server/data/clp/cc0490d1397af23dc5bf44a96fe15dbb.zh-cn/da76f93349a72022ca4670c1b84860304616aaa2","_corruptedFile":"/home/tiefxblau/.vscode-server/data/clp/cc0490d1397af23dc5bf44a96fe15dbb.zh-cn/corrupted.info","_languagePackSupport":true}
# environment
_ = /usr/bin/make
# makefile (from `makefile', line 1)
MAKEFILE_LIST :=  makefile
# makefile (from `makefile', line 3)
DEBUG = debug
# environment
LESSOPEN = ||/usr/bin/lesspipe.sh %s
# environment
VSCODE_CWD = /home/tiefxblau
# environment
SSH_CONNECTION = 119.181.234.210 64206 10.0.24.9 22
# environment
PATH = /home/tiefxblau/.vscode-server/bin/da76f93349a72022ca4670c1b84860304616aaa2/bin/remote-cli:/usr/local/bin:/usr/bin:/usr/local/sbin:/usr/sbin:/home/tiefxblau/.local/bin:/home/tiefxblau/bin
# environment
XDG_RUNTIME_DIR = /run/user/1001
# makefile (from `makefile', line 4)
HTTP_SERVER = http_server
# makefile (from `makefile', line 1)
cpp = g++
# environment
ELECTRON_RUN_AS_NODE = 1
# default
.FEATURES := target-specific order-only second-expansion else-if shortest-stem undefine oneshell archives jobserver check-symlink
# automatic
%F = $(notdir $%)
# environment
PWD = /home/tiefxblau/boost_searcher
# environment
VSCODE_IPC_HOOK_CLI = /run/user/1001/vscode-ipc-cea1d3ec-9ce3-48d4-912a-c12f2aa7abe9.sock
# automatic
*D = $(patsubst %/,%,$(dir $*))
# environment
HISTTIMEFORMAT = %F %T 
# environment
VSCODE_AMD_ENTRYPOINT = vs/workbench/api/node/extensionHostProcess
# environment
HOME = /home/tiefxblau
# environment
LD_LIBRARY_PATH = :/home/tiefxblau/.VimForCpp/vim/bundle/YCM.so/el7.x86_64:/home/tiefxblau/.VimForCpp/vim/bundle/YCM.so/el7.x86_64
# environment
LOGNAME = tiefxblau
# environment
APPLICATION_INSIGHTS_NO_DIAGNOSTIC_CHANNEL = true
# automatic
+F = $(notdir $+)
# environment
VSCODE_HANDLES_UNCAUGHT_ERRORS = true
# automatic
^D = $(patsubst %/,%,$(dir $^))
# environment
HOSTNAME = VM-24-9-centos
# environment
MAKELEVEL := 0
# default
MAKE = $(MAKE_COMMAND)
# default
MAKECMDGOALS := all
# environment
SHLVL = 5
# environment
XDG_SESSION_ID = 412922
# environment
USER = tiefxblau
# makefile
.DEFAULT_GOAL := all
# automatic
%D = $(patsubst %/,%,$(dir $%))
# default
MAKE_COMMAND := make
# default
.VARIABLES := 
# automatic
*F = $(notdir $*)
# makefile
MAKEFLAGS = Rrqp
# environment
MFLAGS = -Rrqp
# environment
SSH_CLIENT = 119.181.234.210 64206 22
# environment
MAIL = /var/spool/mail/tiefxblau
# automatic
+D = $(patsubst %/,%,$(dir $+))
# environment
BROWSER = /home/tiefxblau/.vscode-server/bin/da76f93349a72022ca4670c1b84860304616aaa2/bin/helpers/browser.sh
# environment
VSCODE_HANDLES_SIGPIPE = true
# default
MAKEFILES := 
# environment
PROMPT_COMMAND = history -a; history -a; history -a; history -a; 
# automatic
<F = $(notdir $<)
# environment
LC_ALL = C
# automatic
^F = $(notdir $^)
# default
SUFFIXES := 
# environment
HISTSIZE = 3000
# default
.INCLUDE_DIRS = /usr/include /usr/local/include /usr/include
# default
.RECIPEPREFIX := 
# environment
LANG = C
# makefile (from `makefile', line 2)
PARSER = parser
# variable set hash-table stats:
# Load=66/1024=6%, Rehash=0, Collisions=6/98=6%

# Pattern-specific Variable Values

# No pattern-specific variable values.

# Directories

# . (device 64769, inode 790601): 23 files, no impossibilities.

# 23 files, no impossibilities in 1 directories.

# Implicit Rules

# No implicit rules.

# Files

all: parser debug http_server
#  Phony target (prerequisite of .PHONY).
#  Command line target.
#  Implicit rule search has not been done.
#  File does not exist.
#  File has been updated.
#  Needs to be updated (-q is set).
# variable set hash-table stats:
# Load=0/32=0%, Rehash=0, Collisions=0/4=0%

.PHONY: all clean
#  Implicit rule search has not been done.
#  Modification time never checked.
#  File has not been updated.

# Not a target:
parser.cpp:
#  Implicit rule search has been done.
#  Last modified 2022-08-20 23:05:58.405143866
#  File has been updated.
#  Successfully updated.

# Not a target:
http_server.cpp:
#  Implicit rule search has not been done.
#  Modification time never checked.
#  File has not been updated.

# Not a target:
.SUFFIXES:
#  Implicit rule search has not been done.
#  Modification time never checked.
#  File has not been updated.

debug: debug.cpp
#  Implicit rule search has not been done.
#  Modification time never checked.
#  File has not been updated.
#  recipe to execute (from `makefile', line 12):
	$(cpp) -o $@ $^ -std=c++11 -ljsoncpp

# Not a target:
makefile:
#  Implicit rule search has been done.
#  Last modified 2022-07-28 17:55:34.613928514
#  File has been updated.
#  Successfully updated.

parser: parser.cpp
#  Implicit rule search has not been done.
#  Implicit/static pattern stem: `'
#  Last modified 2022-08-10 16:00:54.309902517
#  File has been updated.
#  Needs to be updated (-q is set).
# automatic
# @ := parser
# automatic
# % := 
# automatic
# * := 
# automatic
# + := parser.cpp
# automatic
# | := 
# automatic
# < := parser.cpp
# automatic
# ^ := parser.cpp
# automatic
# ? := parser.cpp
# variable set hash-table stats:
# Load=8/32=25%, Rehash=0, Collisions=1/14=7%
#  recipe to execute (from `makefile', line 10):
	$(cpp) -o $@ $^ -std=c++11 -lboost_system -lboost_filesystem

# Not a target:
.DEFAULT:
#  Implicit rule search has not been done.
#  Modification time never checked.
#  File has not been updated.

http_server: http_server.cpp
#  Implicit rule search has not been done.
#  Modification time never checked.
#  File has not been updated.
#  recipe to execute (from `makefile', line 14):
	$(cpp) -o $@ $^ -std=c++11 -ljsoncpp -lpthread

clean:
#  Phony target (prerequisite of .PHONY).
#  Implicit rule search has not been done.
#  File does not exist.
#  File has not been updated.
#  recipe to execute (from `makefile', line 18):
	rm -rf $(PARSER) $(DEBUG) $(HTTP_SERVER)

# Not a target:
debug.cpp:
#  Implicit rule search has not been done.
#  Modification time never checked.
#  File has not been updated.

# files hash-table stats:
# Load=12/1024=1%, Rehash=0, Collisions=0/37=0%
# VPATH Search Paths

# No `vpath' search paths.

# No general (`VPATH' variable) search path.

# # of strings in strcache: 0 / lookups = 55 / hits = 55
# # of strcache buffers: 1 (* 8176 B/buffer = 8176 B)
# strcache used: total = 0 (267) / max = 0 / min = 8176 / avg = 0
# strcache free: total = 0 (7909) / max = 0 / min = 8176 / avg = 0

# strcache hash-table stats:
# Load=30/8192=0%, Rehash=0, Collisions=1/55=2%
# Finished Make data base on Sun Aug 21 23:33:21 2022

 
